# JRE version: OpenJDK Runtime Environment (11.0.4+10) (build 11.0.4+10-b520.11)
# Java VM: OpenJDK 64-Bit Server VM (11.0.4+10-b520.11, mixed mode, sharing, tiered, compressed oops, g1 gc, windows-amd64)
Heap:
 garbage-first heap   total 196608K, used 103391K [0x0000000740e00000, 0x0000000800000000)
  region size 1024K, 100 young (102400K), 1 survivors (1024K)
 Metaspace       used 8719K, capacity 9134K, committed 9472K, reserved 1056768K
  class space    used 971K, capacity 1163K, committed 1280K, reserved 1048576K
GC Heap History (10 events):
Event: 75494.609 GC heap before
{Heap before GC invocations=1436 (full 0):
 garbage-first heap   total 196608K, used 119775K [0x0000000740e00000, 0x0000000800000000)
  region size 1024K, 115 young (117760K), 1 survivors (1024K)
 Metaspace       used 8719K, capacity 9134K, committed 9472K, reserved 1056768K
  class space    used 971K, capacity 1163K, committed 1280K, reserved 1048576K
}
Event: 75494.610 GC heap after
{Heap after GC invocations=1437 (full 0):
 garbage-first heap   total 196608K, used 3039K [0x0000000740e00000, 0x0000000800000000)
  region size 1024K, 1 young (1024K), 1 survivors (1024K)
 Metaspace       used 8719K, capacity 9134K, committed 9472K, reserved 1056768K
  class space    used 971K, capacity 1163K, committed 1280K, reserved 1048576K
}
Event: 75507.397 GC heap before
{Heap before GC invocations=1437 (full 0):
 garbage-first heap   total 196608K, used 119775K [0x0000000740e00000, 0x0000000800000000)
  region size 1024K, 115 young (117760K), 1 survivors (1024K)
 Metaspace       used 8719K, capacity 9134K, committed 9472K, reserved 1056768K
  class space    used 971K, capacity 1163K, committed 1280K, reserved 1048576K
}
Event: 75507.398 GC heap after
{Heap after GC invocations=1438 (full 0):
 garbage-first heap   total 196608K, used 3039K [0x0000000740e00000, 0x0000000800000000)
  region size 1024K, 1 young (1024K), 1 survivors (1024K)
 Metaspace       used 8719K, capacity 9134K, committed 9472K, reserved 1056768K
  class space    used 971K, capacity 1163K, committed 1280K, reserved 1048576K
}
Event: 75520.223 GC heap before
{Heap before GC invocations=1438 (full 0):
 garbage-first heap   total 196608K, used 119775K [0x0000000740e00000, 0x0000000800000000)
  region size 1024K, 115 young (117760K), 1 survivors (1024K)
 Metaspace       used 8719K, capacity 9134K, committed 9472K, reserved 1056768K
  class space    used 971K, capacity 1163K, committed 1280K, reserved 1048576K
}
Event: 75520.224 GC heap after
{Heap after GC invocations=1439 (full 0):
 garbage-first heap   total 196608K, used 3039K [0x0000000740e00000, 0x0000000800000000)
  region size 1024K, 1 young (1024K), 1 survivors (1024K)
 Metaspace       used 8719K, capacity 9134K, committed 9472K, reserved 1056768K
  class space    used 971K, capacity 1163K, committed 1280K, reserved 1048576K
}
Event: 75533.079 GC heap before
{Heap before GC invocations=1439 (full 0):
 garbage-first heap   total 196608K, used 119775K [0x0000000740e00000, 0x0000000800000000)
  region size 1024K, 115 young (117760K), 1 survivors (1024K)
 Metaspace       used 8719K, capacity 9134K, committed 9472K, reserved 1056768K
  class space    used 971K, capacity 1163K, committed 1280K, reserved 1048576K
}
Event: 75533.079 GC heap after
{Heap after GC invocations=1440 (full 0):
 garbage-first heap   total 196608K, used 3039K [0x0000000740e00000, 0x0000000800000000)
  region size 1024K, 1 young (1024K), 1 survivors (1024K)
 Metaspace       used 8719K, capacity 9134K, committed 9472K, reserved 1056768K
  class space    used 971K, capacity 1163K, committed 1280K, reserved 1048576K
}
Event: 75545.859 GC heap before
{Heap before GC invocations=1440 (full 0):
 garbage-first heap   total 196608K, used 119775K [0x0000000740e00000, 0x0000000800000000)
  region size 1024K, 115 young (117760K), 1 survivors (1024K)
 Metaspace       used 8719K, capacity 9134K, committed 9472K, reserved 1056768K
  class space    used 971K, capacity 1163K, committed 1280K, reserved 1048576K
}
Event: 75545.859 GC heap after
{Heap after GC invocations=1441 (full 0):
 garbage-first heap   total 196608K, used 3039K [0x0000000740e00000, 0x0000000800000000)
  region size 1024K, 1 young (1024K), 1 survivors (1024K)
 Metaspace       used 8719K, capacity 9134K, committed 9472K, reserved 1056768K
  class space    used 971K, capacity 1163K, committed 1280K, reserved 1048576K
}

